<?xml version="1.0" encoding="UTF-8"?>
<testsuites name="Mocha Tests" time="83.6630" tests="2" failures="1">
  <testsuite name="Root Suite" timestamp="2021-09-12T07:53:55" tests="0" file="cypress\integration\calculateBorrowingPower.feature" time="0.0000" failures="0">
  </testsuite>
  <testsuite name="Calculate Borrowing Power" timestamp="2021-09-12T07:53:55" tests="2" time="83.6630" failures="1">
    <testcase name="Calculate Borrowing Power Calculate Borrowing Power (example #1)" time="71.8850" classname="Calculate Borrowing Power (example #1)">
      <failure message="Timed out retrying after 60000ms: expected &apos;&lt;span#borrowResultTextAmount.borrow__result__text__amount&gt;&apos; to have value &apos;507,000&apos;, but the value was &apos;590,000&apos;" type="AssertionError"><![CDATA[AssertionError: Timed out retrying after 60000ms: expected '<span#borrowResultTextAmount.borrow__result__text__amount>' to have value '507,000', but the value was '590,000'
    at Function.validateBorrowingEstimate (https://www.anz.com.au/__cypress/tests?p=cypress\integration\calculateBorrowingPower.feature:166:24)
    at _callee5$ (https://www.anz.com.au/__cypress/tests?p=cypress\integration\calculateBorrowingPower.feature:292:54)
    at tryCatch (https://www.anz.com.au/__cypress/tests?p=cypress\integration\calculateBorrowingPower.feature:510:40)
    at Generator.invoke [as _invoke] (https://www.anz.com.au/__cypress/tests?p=cypress\integration\calculateBorrowingPower.feature:736:22)
    at Generator.prototype.<computed> [as next] (https://www.anz.com.au/__cypress/tests?p=cypress\integration\calculateBorrowingPower.feature:562:21)
    at asyncGeneratorStep (https://www.anz.com.au/__cypress/tests?p=cypress\integration\calculateBorrowingPower.feature:340:24)
    at _next (https://www.anz.com.au/__cypress/tests?p=cypress\integration\calculateBorrowingPower.feature:362:9)
    at eval (https://www.anz.com.au/__cypress/tests?p=cypress\integration\calculateBorrowingPower.feature:369:7)
at new Promise (<anonymous>)
    at Context.eval (https://www.anz.com.au/__cypress/tests?p=cypress\integration\calculateBorrowingPower.feature:358:12)]]></failure>
    </testcase>
    <testcase name="Calculate Borrowing Power Validate form is clear after clickiing on start over button (example #1)" time="11.7780" classname="Validate form is clear after clickiing on start over button (example #1)">
    </testcase>
  </testsuite>
</testsuites>